<?xml version="1.0" encoding="UTF-8"?>
<!-- Generated by org.testng.reporters.JUnitReportReporter -->
<testsuite skipped="0" hostname="DESKTOP-FGVV9N0" name="com.test.runner.APIRunner" tests="1" failures="0" timestamp="01 Sep 2020 04:33:51 GMT" time="9.457" errors="0">
  <testcase name="runScenario" time="9.457" classname="com.test.runner.APIRunner"/>
</testsuite> <!-- com.test.runner.APIRunner -->
