<?xml version="1.0" encoding="UTF-8"?>
<!-- Generated by org.testng.reporters.JUnitReportReporter -->
<testsuite skipped="0" hostname="DESKTOP-FGVV9N0" name="com.test.runner.APIRunner" tests="1" failures="0" timestamp="06 Sep 2020 00:24:29 GMT" time="9.223" errors="0">
  <testcase name="runScenario" time="9.223" classname="com.test.runner.APIRunner"/>
</testsuite> <!-- com.test.runner.APIRunner -->
